TN:
SF:src/config/dependencies.ts
FN:5,createDependencies
FNF:1
FNH:1
FNDA:1,createDependencies
DA:1,1
DA:2,1
DA:3,1
DA:4,1
DA:5,1
DA:6,1
DA:7,1
DA:8,1
DA:9,1
DA:10,1
DA:11,1
LF:11
LH:11
BRDA:5,0,0,1
BRDA:7,1,0,0
BRF:2
BRH:1
end_of_record
TN:
SF:src/repository/userRepository.ts
FN:17,UserRepository
FN:28,create
FN:44,getById
FN:61,update
FN:101,delete
FN:114,getAll
FNF:6
FNH:6
FNDA:13,UserRepository
FNDA:2,create
FNDA:3,getById
FNDA:3,update
FNDA:2,delete
FNDA:3,getAll
DA:1,1
DA:2,1
DA:3,1
DA:4,1
DA:5,1
DA:6,1
DA:7,1
DA:8,1
DA:9,1
DA:10,1
DA:11,1
DA:12,1
DA:13,1
DA:14,1
DA:15,1
DA:16,1
DA:17,1
DA:18,13
DA:19,13
DA:20,13
DA:21,1
DA:22,1
DA:23,1
DA:24,1
DA:25,1
DA:26,1
DA:27,1
DA:28,1
DA:29,2
DA:30,2
DA:31,2
DA:32,2
DA:33,2
DA:34,2
DA:35,1
DA:36,1
DA:37,1
DA:38,1
DA:39,1
DA:40,1
DA:41,1
DA:42,1
DA:43,1
DA:44,1
DA:45,3
DA:46,3
DA:47,3
DA:48,3
DA:49,3
DA:50,3
DA:51,3
DA:52,3
DA:53,1
DA:54,1
DA:55,1
DA:56,1
DA:57,1
DA:58,1
DA:59,1
DA:60,1
DA:61,1
DA:62,3
DA:63,3
DA:64,3
DA:65,3
DA:66,3
DA:67,3
DA:68,3
DA:69,3
DA:70,3
DA:71,3
DA:72,3
DA:73,3
DA:74,3
DA:75,3
DA:76,3
DA:77,3
DA:78,3
DA:79,3
DA:80,3
DA:81,3
DA:82,3
DA:83,3
DA:84,3
DA:85,3
DA:86,3
DA:87,3
DA:88,3
DA:89,3
DA:90,3
DA:91,3
DA:92,3
DA:93,3
DA:94,3
DA:95,1
DA:96,1
DA:97,1
DA:98,1
DA:99,1
DA:100,1
DA:101,1
DA:102,2
DA:103,2
DA:104,2
DA:105,2
DA:106,2
DA:107,1
DA:108,1
DA:109,1
DA:110,1
DA:111,1
DA:112,1
DA:113,1
DA:114,1
DA:115,3
DA:116,3
DA:117,3
DA:118,3
DA:119,3
DA:120,3
DA:121,3
DA:122,1
LF:122
LH:122
BRDA:17,0,0,13
BRDA:28,1,0,2
BRDA:35,2,0,1
BRDA:44,3,0,3
BRDA:51,4,0,2
BRDA:51,5,0,1
BRDA:51,6,0,1
BRDA:61,7,0,3
BRDA:93,8,0,2
BRDA:93,9,0,1
BRDA:93,10,0,1
BRDA:65,11,0,3
BRDA:66,12,0,0
BRDA:74,13,0,3
BRDA:101,14,0,2
BRDA:107,15,0,1
BRDA:114,16,0,3
BRDA:120,17,0,2
BRDA:120,18,0,1
BRDA:120,19,0,1
BRDA:120,20,0,1
BRF:21
BRH:20
end_of_record
TN:
SF:src/services/userService.ts
FN:8,UserService
FN:12,create
FN:22,getAll
FN:31,getById
FN:40,update
FN:56,delete
FN:65,generateId
FN:66,generateListWithIds
FNF:8
FNH:8
FNDA:12,UserService
FNDA:2,create
FNDA:2,getAll
FNDA:2,getById
FNDA:3,update
FNDA:2,delete
FNDA:3,generateId
FNDA:6,generateListWithIds
DA:1,1
DA:2,1
DA:3,1
DA:4,1
DA:5,1
DA:6,1
DA:7,1
DA:8,1
DA:9,12
DA:10,12
DA:11,1
DA:12,1
DA:13,2
DA:14,2
DA:15,2
DA:16,2
DA:17,1
DA:18,1
DA:19,1
DA:20,2
DA:21,1
DA:22,1
DA:23,2
DA:24,2
DA:25,2
DA:26,0
DA:27,0
DA:28,0
DA:29,2
DA:30,1
DA:31,1
DA:32,2
DA:33,2
DA:34,2
DA:35,0
DA:36,0
DA:37,0
DA:38,2
DA:39,1
DA:40,1
DA:41,3
DA:42,3
DA:43,3
DA:44,2
DA:45,2
DA:46,2
DA:47,2
DA:48,1
DA:49,1
DA:50,1
DA:51,1
DA:52,1
DA:53,1
DA:54,3
DA:55,1
DA:56,1
DA:57,2
DA:58,2
DA:59,1
DA:60,1
DA:61,1
DA:62,1
DA:63,2
DA:64,1
DA:65,1
DA:66,3
DA:67,3
DA:68,3
DA:69,3
DA:70,3
DA:71,3
DA:72,3
DA:73,3
DA:74,3
DA:75,3
DA:76,1
LF:76
LH:70
BRDA:8,0,0,12
BRDA:12,1,0,2
BRDA:16,2,0,1
BRDA:22,3,0,2
BRDA:25,4,0,0
BRDA:31,5,0,2
BRDA:34,6,0,0
BRDA:40,7,0,3
BRDA:43,8,0,2
BRDA:46,9,0,1
BRDA:46,10,0,1
BRDA:47,11,0,1
BRDA:56,12,0,2
BRDA:59,13,0,1
BRDA:65,14,0,3
BRDA:66,15,0,6
BRDA:66,16,0,2
BRF:17
BRH:15
end_of_record
TN:
SF:src/utils/responseHelper.ts
FN:1,successResponse
FN:6,errorResponse
FNF:2
FNH:2
FNDA:2,successResponse
FNDA:2,errorResponse
DA:1,1
DA:2,2
DA:3,2
DA:4,1
DA:5,1
DA:6,1
DA:7,2
DA:8,2
DA:9,1
LF:9
LH:9
BRDA:1,0,0,2
BRDA:6,1,0,2
BRF:2
BRH:2
end_of_record
TN:
SF:src/utils/validator.ts
FN:14,validateObject
FNF:1
FNH:1
FNDA:22,validateObject
DA:1,1
DA:2,1
DA:3,1
DA:4,1
DA:5,1
DA:6,1
DA:7,1
DA:8,1
DA:9,1
DA:10,1
DA:11,1
DA:12,1
DA:13,1
DA:14,1
DA:15,22
DA:16,22
DA:17,22
DA:18,22
DA:19,22
DA:20,22
DA:21,22
DA:22,22
DA:23,22
DA:24,65
DA:25,63
DA:26,63
DA:27,65
DA:28,4
DA:29,4
DA:30,4
DA:31,59
DA:32,59
DA:33,65
DA:34,65
DA:35,65
DA:36,65
DA:37,9
DA:38,9
DA:39,9
DA:40,9
DA:41,9
DA:42,9
DA:43,50
DA:44,50
DA:45,65
DA:46,6
DA:47,6
DA:48,8
DA:49,8
DA:50,8
DA:51,4
DA:52,4
DA:53,8
DA:54,8
DA:55,6
DA:56,6
DA:57,65
DA:58,22
DA:59,22
DA:60,22
DA:61,63
DA:62,3
DA:63,3
DA:64,63
DA:65,22
DA:66,22
DA:67,22
LF:67
LH:67
BRDA:14,0,0,22
BRDA:23,1,0,65
BRDA:24,2,0,2
BRDA:25,3,0,63
BRDA:27,4,0,4
BRDA:31,5,0,59
BRDA:33,6,0,6
BRDA:33,7,0,53
BRDA:36,8,0,9
BRDA:43,9,0,50
BRDA:45,10,0,6
BRDA:45,11,0,6
BRDA:60,12,0,63
BRDA:61,13,0,62
BRDA:61,14,0,3
BRDA:47,15,0,8
BRDA:50,16,0,4
BRF:17
BRH:17
end_of_record
